2025-03-20 12:38:52,802 - RSU Dashboard  - INFO - STARTED get_valid_credentials
2025-03-20 12:38:52,804 - RSU Dashboard  - INFO - COMPLETED get_valid_credentials in 0.00s
2025-03-20 12:39:54,969 - RSU Dashboard  - INFO - STARTED get_valid_credentials
2025-03-20 12:39:54,969 - RSU Dashboard  - INFO - COMPLETED get_valid_credentials in 0.00s
2025-03-20 13:08:18,838 - RSU Dashboard  - INFO - STARTED get_valid_credentials
2025-03-20 13:08:18,844 - RSU Dashboard  - INFO - COMPLETED get_valid_credentials in 0.01s
2025-03-21 12:51:33,714 - assets.logingtime  - INFO - STARTED get_valid_credentials
2025-03-21 12:51:33,763 - assets.logingtime  - INFO - COMPLETED get_valid_credentials in 0.05s
2025-03-21 12:51:37,944 - dash.dash  - INFO - Dash is running on http://127.0.0.1:8050/

2025-03-21 12:51:39,993 - assets.logingtime  - INFO - STARTED get_valid_credentials
2025-03-21 12:51:39,996 - assets.logingtime  - INFO - COMPLETED get_valid_credentials in 0.00s
2025-03-21 12:52:09,179 - assets.logingtime  - INFO - User admin logged in at 2025-03-21 12:52:09
2025-03-21 12:56:09,855 - assets.logingtime  - INFO - User admin logged in at 2025-03-21 12:56:09
2025-03-24 14:25:25,588 - assets.logingtime  - INFO - STARTED get_valid_credentials
2025-03-24 14:25:25,636 - assets.logingtime  - INFO - COMPLETED get_valid_credentials in 0.05s
2025-03-24 14:25:30,064 - dash.dash  - INFO - Dash is running on http://127.0.0.1:8050/

2025-03-24 14:25:32,095 - assets.logingtime  - INFO - STARTED get_valid_credentials
2025-03-24 14:25:32,095 - assets.logingtime  - INFO - COMPLETED get_valid_credentials in 0.00s
2025-03-24 14:26:18,686 - assets.logingtime  - INFO - STARTED get_valid_credentials
2025-03-24 14:26:18,687 - assets.logingtime  - INFO - COMPLETED get_valid_credentials in 0.00s
2025-03-24 14:29:09,165 - assets.logingtime  - INFO - STARTED get_valid_credentials
2025-03-24 14:29:09,165 - assets.logingtime  - INFO - COMPLETED get_valid_credentials in 0.00s
2025-03-24 14:29:53,774 - assets.logingtime  - INFO - User RSU logged in at 2025-03-24 14:29:53
2025-03-24 14:49:37,911 - assets.logingtime  - INFO - STARTED get_valid_credentials
2025-03-24 14:49:37,927 - assets.logingtime  - INFO - COMPLETED get_valid_credentials in 0.02s
2025-03-24 14:49:39,369 - dash.dash  - INFO - Dash is running on http://127.0.0.1:8050/

2025-03-24 14:49:41,275 - assets.logingtime  - INFO - STARTED get_valid_credentials
2025-03-24 14:49:41,275 - assets.logingtime  - INFO - COMPLETED get_valid_credentials in 0.00s
2025-06-12 10:34:59,436 - assets.logingtime  - INFO - STARTED get_valid_credentials
2025-06-12 10:34:59,476 - assets.logingtime  - INFO - COMPLETED get_valid_credentials in 0.04s
2025-06-12 10:35:02,627 - dash.dash  - INFO - Dash is running on http://127.0.0.1:8050/

2025-06-12 10:35:04,881 - assets.logingtime  - INFO - STARTED get_valid_credentials
2025-06-12 10:35:04,881 - assets.logingtime  - INFO - COMPLETED get_valid_credentials in 0.00s
2025-06-12 10:39:41,392 - assets.logingtime  - INFO - User admin logged in at 2025-06-12 10:39:41
2025-06-12 10:39:44,641 - assets.logingtime  - INFO - User admin logged in at 2025-06-12 10:39:44
2025-06-12 10:40:32,321 - assets.logingtime  - INFO - User admin logged in at 2025-06-12 10:40:32
2025-06-12 10:40:33,836 - assets.logingtime  - INFO - User admin logged in at 2025-06-12 10:40:33
2025-06-12 10:43:35,260 - assets.logingtime  - INFO - User admin logged in at 2025-06-12 10:43:35
2025-06-12 10:43:37,245 - assets.logingtime  - INFO - User admin logged in at 2025-06-12 10:43:37
2025-06-12 10:43:45,811 - assets.logingtime  - INFO - User admin logged in at 2025-06-12 10:43:45
2025-06-12 10:44:00,052 - assets.logingtime  - INFO - User admin logged in at 2025-06-12 10:44:00
2025-06-12 10:44:10,427 - assets.logingtime  - INFO - User admin logged in at 2025-06-12 10:44:10
2025-06-12 10:46:50,628 - assets.logingtime  - INFO - User admin logged in at 2025-06-12 10:46:50
2025-06-12 10:53:00,154 - assets.logingtime  - INFO - STARTED get_valid_credentials
2025-06-12 10:53:00,157 - assets.logingtime  - INFO - COMPLETED get_valid_credentials in 0.00s
2025-06-12 10:58:04,404 - assets.logingtime  - INFO - STARTED get_valid_credentials
2025-06-12 10:58:04,411 - assets.logingtime  - INFO - COMPLETED get_valid_credentials in 0.01s
2025-06-12 10:58:26,779 - assets.logingtime  - INFO - STARTED get_valid_credentials
2025-06-12 10:58:26,787 - assets.logingtime  - INFO - COMPLETED get_valid_credentials in 0.01s
2025-06-12 10:58:46,607 - assets.logingtime  - INFO - STARTED get_valid_credentials
2025-06-12 10:58:46,609 - assets.logingtime  - INFO - COMPLETED get_valid_credentials in 0.00s
2025-06-12 11:01:26,590 - assets.logingtime  - INFO - STARTED get_valid_credentials
2025-06-12 11:01:26,593 - assets.logingtime  - INFO - COMPLETED get_valid_credentials in 0.00s
2025-06-12 11:01:58,514 - assets.logingtime  - INFO - STARTED get_valid_credentials
2025-06-12 11:01:58,514 - assets.logingtime  - INFO - COMPLETED get_valid_credentials in 0.00s
2025-06-12 11:02:06,217 - assets.logingtime  - INFO - STARTED get_valid_credentials
2025-06-12 11:02:06,233 - assets.logingtime  - INFO - COMPLETED get_valid_credentials in 0.02s
2025-06-12 11:02:15,912 - assets.logingtime  - INFO - STARTED get_valid_credentials
2025-06-12 11:02:15,928 - assets.logingtime  - INFO - COMPLETED get_valid_credentials in 0.02s
2025-06-12 11:03:59,811 - assets.logingtime  - INFO - STARTED get_valid_credentials
2025-06-12 11:03:59,814 - assets.logingtime  - INFO - COMPLETED get_valid_credentials in 0.00s
2025-06-12 11:04:01,401 - dash.dash  - INFO - Dash is running on http://127.0.0.1:8050/

2025-06-12 11:04:04,012 - assets.logingtime  - INFO - STARTED get_valid_credentials
2025-06-12 11:04:04,013 - assets.logingtime  - INFO - COMPLETED get_valid_credentials in 0.02s
2025-06-12 11:04:13,003 - assets.logingtime  - INFO - User admin logged in at 2025-06-12 11:04:13
2025-06-12 11:04:16,553 - assets.logingtime  - INFO - User admin logged in at 2025-06-12 11:04:16
2025-06-12 11:08:15,300 - assets.logingtime  - INFO - STARTED get_valid_credentials
2025-06-12 11:08:15,304 - assets.logingtime  - INFO - COMPLETED get_valid_credentials in 0.00s
2025-06-12 11:08:17,027 - dash.dash  - INFO - Dash is running on http://127.0.0.1:8050/

2025-06-12 11:08:19,775 - assets.logingtime  - INFO - STARTED get_valid_credentials
2025-06-12 11:08:19,775 - assets.logingtime  - INFO - COMPLETED get_valid_credentials in 0.00s
2025-06-12 11:08:22,122 - assets.logingtime  - INFO - User admin logged in at 2025-06-12 11:08:22
2025-06-12 11:08:27,794 - assets.logingtime  - INFO - User admin logged in at 2025-06-12 11:08:27
2025-06-12 11:08:29,229 - assets.logingtime  - INFO - User admin logged in at 2025-06-12 11:08:29
2025-06-12 11:08:31,958 - assets.logingtime  - INFO - User admin logged in at 2025-06-12 11:08:31
2025-06-12 11:08:42,008 - assets.logingtime  - INFO - User admin logged in at 2025-06-12 11:08:42
2025-06-12 11:17:03,139 - assets.logingtime  - INFO - STARTED get_valid_credentials
2025-06-12 11:17:03,139 - assets.logingtime  - INFO - COMPLETED get_valid_credentials in 0.00s
2025-06-12 11:17:23,357 - assets.logingtime  - INFO - STARTED get_valid_credentials
2025-06-12 11:17:23,365 - assets.logingtime  - INFO - COMPLETED get_valid_credentials in 0.01s
2025-06-12 11:17:24,904 - dash.dash  - INFO - Dash is running on http://127.0.0.1:8050/

2025-06-12 11:17:27,373 - assets.logingtime  - INFO - STARTED get_valid_credentials
2025-06-12 11:17:27,389 - assets.logingtime  - INFO - COMPLETED get_valid_credentials in 0.02s
2025-06-12 11:17:29,817 - assets.logingtime  - INFO - User admin logged in at 2025-06-12 11:17:29
2025-06-12 11:17:34,637 - assets.logingtime  - INFO - User admin logged in at 2025-06-12 11:17:34
2025-06-12 11:20:42,895 - assets.logingtime  - INFO - User admin logged in at 2025-06-12 11:20:42
2025-06-12 11:20:44,821 - assets.logingtime  - INFO - User admin logged in at 2025-06-12 11:20:44
2025-06-12 11:20:51,518 - assets.logingtime  - INFO - User admin logged in at 2025-06-12 11:20:51
2025-06-12 11:23:01,339 - assets.logingtime  - INFO - STARTED get_valid_credentials
2025-06-12 11:23:01,341 - assets.logingtime  - INFO - COMPLETED get_valid_credentials in 0.00s
2025-06-12 11:23:04,118 - assets.logingtime  - INFO - User admin logged in at 2025-06-12 11:23:04
2025-06-12 11:23:09,480 - assets.logingtime  - INFO - STARTED get_valid_credentials
2025-06-12 11:23:09,480 - assets.logingtime  - INFO - COMPLETED get_valid_credentials in 0.00s
2025-06-12 11:23:11,881 - assets.logingtime  - INFO - User admin logged in at 2025-06-12 11:23:11
2025-06-12 11:23:15,931 - assets.logingtime  - INFO - STARTED get_valid_credentials
2025-06-12 11:23:15,934 - assets.logingtime  - INFO - COMPLETED get_valid_credentials in 0.00s
2025-06-12 11:23:18,136 - assets.logingtime  - INFO - User admin logged in at 2025-06-12 11:23:18
2025-06-12 11:23:29,830 - assets.logingtime  - INFO - STARTED get_valid_credentials
2025-06-12 11:23:29,833 - assets.logingtime  - INFO - COMPLETED get_valid_credentials in 0.00s
2025-06-12 11:24:07,442 - assets.logingtime  - INFO - STARTED get_valid_credentials
2025-06-12 11:24:07,442 - assets.logingtime  - INFO - COMPLETED get_valid_credentials in 0.00s
2025-06-12 11:24:08,999 - dash.dash  - INFO - Dash is running on http://127.0.0.1:8050/

2025-06-12 11:24:11,667 - assets.logingtime  - INFO - STARTED get_valid_credentials
2025-06-12 11:24:11,673 - assets.logingtime  - INFO - COMPLETED get_valid_credentials in 0.01s
2025-06-12 11:24:21,337 - assets.logingtime  - INFO - User admin logged in at 2025-06-12 11:24:21
2025-06-12 11:24:25,370 - assets.logingtime  - INFO - User admin logged in at 2025-06-12 11:24:25
2025-06-12 11:26:19,849 - assets.logingtime  - INFO - STARTED get_valid_credentials
2025-06-12 11:26:19,851 - assets.logingtime  - INFO - COMPLETED get_valid_credentials in 0.00s
2025-06-12 11:26:22,016 - assets.logingtime  - INFO - User admin logged in at 2025-06-12 11:26:22
2025-06-12 11:38:21,126 - assets.logingtime  - INFO - STARTED get_valid_credentials
2025-06-12 11:38:21,126 - assets.logingtime  - INFO - COMPLETED get_valid_credentials in 0.00s
2025-06-12 11:38:23,402 - assets.logingtime  - INFO - User admin logged in at 2025-06-12 11:38:23
2025-06-12 11:38:31,472 - assets.logingtime  - INFO - STARTED get_valid_credentials
2025-06-12 11:38:31,484 - assets.logingtime  - INFO - COMPLETED get_valid_credentials in 0.01s
2025-06-12 11:58:57,436 - assets.logingtime  - INFO - STARTED get_valid_credentials
2025-06-12 11:58:57,436 - assets.logingtime  - INFO - COMPLETED get_valid_credentials in 0.00s
2025-06-12 11:58:59,566 - dash.dash  - INFO - Dash is running on http://127.0.0.1:8050/

2025-06-12 11:59:02,072 - assets.logingtime  - INFO - STARTED get_valid_credentials
2025-06-12 11:59:02,072 - assets.logingtime  - INFO - COMPLETED get_valid_credentials in 0.00s
2025-06-12 11:59:08,712 - assets.logingtime  - INFO - User admin logged in at 2025-06-12 11:59:08
2025-06-12 11:59:11,343 - assets.logingtime  - INFO - User admin logged in at 2025-06-12 11:59:11
2025-06-12 11:59:12,090 - assets.logingtime  - INFO - User admin logged in at 2025-06-12 11:59:12
2025-06-12 11:59:13,564 - assets.logingtime  - INFO - User admin logged in at 2025-06-12 11:59:13
2025-06-12 12:02:10,933 - assets.logingtime  - INFO - STARTED get_valid_credentials
2025-06-12 12:02:10,933 - assets.logingtime  - INFO - COMPLETED get_valid_credentials in 0.00s
2025-06-12 12:02:19,881 - assets.logingtime  - INFO - STARTED get_valid_credentials
2025-06-12 12:02:19,881 - assets.logingtime  - INFO - COMPLETED get_valid_credentials in 0.00s
2025-06-12 12:02:22,585 - assets.logingtime  - INFO - User admin logged in at 2025-06-12 12:02:22
2025-06-12 12:04:00,690 - assets.logingtime  - INFO - STARTED get_valid_credentials
2025-06-12 12:04:00,692 - assets.logingtime  - INFO - COMPLETED get_valid_credentials in 0.00s
2025-06-12 12:04:07,109 - assets.logingtime  - INFO - STARTED get_valid_credentials
2025-06-12 12:04:07,112 - assets.logingtime  - INFO - COMPLETED get_valid_credentials in 0.00s
2025-06-12 12:04:27,920 - assets.logingtime  - INFO - STARTED get_valid_credentials
2025-06-12 12:04:27,920 - assets.logingtime  - INFO - COMPLETED get_valid_credentials in 0.00s
2025-06-12 12:04:29,498 - dash.dash  - INFO - Dash is running on http://127.0.0.1:8050/

2025-06-12 12:04:32,185 - assets.logingtime  - INFO - STARTED get_valid_credentials
2025-06-12 12:04:32,190 - assets.logingtime  - INFO - COMPLETED get_valid_credentials in 0.00s
2025-06-12 12:04:37,576 - assets.logingtime  - INFO - User admin logged in at 2025-06-12 12:04:37
2025-06-12 12:04:41,036 - assets.logingtime  - INFO - User admin logged in at 2025-06-12 12:04:41
2025-06-12 12:05:27,699 - assets.logingtime  - INFO - User admin logged in at 2025-06-12 12:05:27
2025-06-12 12:05:28,741 - assets.logingtime  - INFO - User admin logged in at 2025-06-12 12:05:28
2025-06-12 12:08:29,177 - assets.logingtime  - INFO - STARTED get_valid_credentials
2025-06-12 12:08:29,182 - assets.logingtime  - INFO - COMPLETED get_valid_credentials in 0.01s
2025-06-12 12:08:35,697 - assets.logingtime  - INFO - STARTED get_valid_credentials
2025-06-12 12:08:35,701 - assets.logingtime  - INFO - COMPLETED get_valid_credentials in 0.00s
2025-06-12 12:08:51,398 - assets.logingtime  - INFO - STARTED get_valid_credentials
2025-06-12 12:08:51,402 - assets.logingtime  - INFO - COMPLETED get_valid_credentials in 0.00s
2025-06-12 12:08:53,738 - assets.logingtime  - INFO - User admin logged in at 2025-06-12 12:08:53
2025-06-12 12:38:25,233 - assets.logingtime  - INFO - STARTED get_valid_credentials
2025-06-12 12:38:25,241 - assets.logingtime  - INFO - COMPLETED get_valid_credentials in 0.01s
2025-06-12 12:38:53,395 - assets.logingtime  - INFO - STARTED get_valid_credentials
2025-06-12 12:38:53,401 - assets.logingtime  - INFO - COMPLETED get_valid_credentials in 0.01s
2025-06-12 12:39:13,181 - dash.dash - INFO - Dash is running on http://127.0.0.1:8050/

2025-06-12 12:39:52,078 - RSU Dashboard - INFO - Attempting to add contact: aamir khan
2025-06-12 12:39:52,095 - RSU Dashboard - INFO - Contact added successfully: aamir khan
2025-06-12 15:00:42,917 - assets.logingtime  - INFO - STARTED get_valid_credentials
2025-06-12 15:00:42,934 - assets.logingtime  - INFO - COMPLETED get_valid_credentials in 0.02s
2025-06-12 15:00:46,153 - dash.dash  - INFO - Dash is running on http://127.0.0.1:8050/

2025-06-12 15:00:49,675 - assets.logingtime  - INFO - STARTED get_valid_credentials
2025-06-12 15:00:49,682 - assets.logingtime  - INFO - COMPLETED get_valid_credentials in 0.00s
2025-06-12 15:04:40,025 - assets.logingtime  - INFO - STARTED get_valid_credentials
2025-06-12 15:04:40,025 - assets.logingtime  - INFO - COMPLETED get_valid_credentials in 0.00s
2025-06-12 15:04:56,833 - dash.dash - INFO - Dash is running on http://127.0.0.1:8050/

2025-06-12 15:05:49,728 - RSU Dashboard - INFO - Attempting to add contact: Muhammad Ali khokhar
2025-06-12 15:05:49,740 - RSU Dashboard - INFO - Contact added successfully: Muhammad Ali khokhar
2025-06-12 15:08:03,890 - assets.logingtime  - INFO - STARTED get_valid_credentials
2025-06-12 15:08:03,893 - assets.logingtime  - INFO - COMPLETED get_valid_credentials in 0.00s
2025-06-12 15:08:06,134 - dash.dash  - INFO - Dash is running on http://127.0.0.1:8050/

2025-06-12 15:08:08,931 - assets.logingtime  - INFO - STARTED get_valid_credentials
2025-06-12 15:08:08,945 - assets.logingtime  - INFO - COMPLETED get_valid_credentials in 0.00s
2025-06-12 15:08:15,844 - assets.logingtime  - INFO - User admin logged in at 2025-06-12 15:08:15
2025-06-12 15:08:18,169 - assets.logingtime  - INFO - User admin logged in at 2025-06-12 15:08:18
2025-06-12 15:08:20,064 - assets.logingtime  - INFO - User admin logged in at 2025-06-12 15:08:20
2025-06-12 15:09:22,523 - assets.logingtime  - INFO - User admin logged in at 2025-06-12 15:09:22
2025-06-12 15:09:25,234 - assets.logingtime  - INFO - User admin logged in at 2025-06-12 15:09:25
2025-06-12 15:18:12,405 - dash.dash - INFO - Dash is running on http://127.0.0.1:8050/

2025-06-12 15:38:58,965 - assets.logingtime  - INFO - STARTED get_valid_credentials
2025-06-12 15:38:58,965 - assets.logingtime  - INFO - COMPLETED get_valid_credentials in 0.00s
2025-06-12 15:39:00,745 - dash.dash  - INFO - Dash is running on http://127.0.0.1:8050/

2025-06-12 15:39:03,459 - assets.logingtime  - INFO - STARTED get_valid_credentials
2025-06-12 15:39:03,459 - assets.logingtime  - INFO - COMPLETED get_valid_credentials in 0.00s
2025-06-12 15:39:08,991 - assets.logingtime  - INFO - User admin logged in at 2025-06-12 15:39:08
2025-06-12 15:43:38,578 - dash.dash - INFO - Dash is running on http://127.0.0.1:8050/

2025-06-12 15:47:01,700 - RSU Dashboard - INFO - Attempting to add contact: aamir khan
2025-06-12 15:47:01,704 - RSU Dashboard - INFO - Contact added successfully: aamir khan
2025-06-12 16:56:04,744 - assets.logingtime  - INFO - STARTED get_valid_credentials
2025-06-12 16:56:04,747 - assets.logingtime  - INFO - COMPLETED get_valid_credentials in 0.00s
2025-06-12 16:56:06,912 - dash.dash  - INFO - Dash is running on http://127.0.0.1:8050/

2025-06-12 16:56:10,010 - assets.logingtime  - INFO - STARTED get_valid_credentials
2025-06-12 16:56:10,015 - assets.logingtime  - INFO - COMPLETED get_valid_credentials in 0.00s
2025-06-12 16:56:17,493 - assets.logingtime  - INFO - User admin logged in at 2025-06-12 16:56:17
2025-06-12 16:56:29,201 - assets.logingtime  - INFO - User admin logged in at 2025-06-12 16:56:29
2025-06-12 16:56:30,597 - assets.logingtime  - INFO - User admin logged in at 2025-06-12 16:56:30
2025-06-12 16:56:31,459 - assets.logingtime  - INFO - User admin logged in at 2025-06-12 16:56:31
2025-06-13 10:48:25,186 - assets.logingtime  - INFO - STARTED get_valid_credentials
2025-06-13 10:48:25,186 - assets.logingtime  - INFO - COMPLETED get_valid_credentials in 0.00s
2025-06-13 10:48:27,968 - dash.dash  - INFO - Dash is running on http://127.0.0.1:8050/

2025-06-13 10:48:30,181 - assets.logingtime  - INFO - STARTED get_valid_credentials
2025-06-13 10:48:30,229 - assets.logingtime  - INFO - COMPLETED get_valid_credentials in 0.05s
2025-06-13 10:48:45,078 - assets.logingtime  - INFO - User admin logged in at 2025-06-13 10:48:45
2025-06-13 10:48:48,124 - assets.logingtime  - INFO - User admin logged in at 2025-06-13 10:48:48
2025-06-13 10:51:54,246 - assets.logingtime  - INFO - STARTED get_valid_credentials
2025-06-13 10:51:54,246 - assets.logingtime  - INFO - COMPLETED get_valid_credentials in 0.00s
2025-06-13 10:51:56,365 - assets.logingtime  - INFO - User admin logged in at 2025-06-13 10:51:56
2025-06-13 10:52:02,650 - assets.logingtime  - INFO - STARTED get_valid_credentials
2025-06-13 10:52:02,650 - assets.logingtime  - INFO - COMPLETED get_valid_credentials in 0.00s
2025-06-13 10:52:11,289 - assets.logingtime  - INFO - STARTED get_valid_credentials
2025-06-13 10:52:11,289 - assets.logingtime  - INFO - COMPLETED get_valid_credentials in 0.00s
2025-06-13 10:52:22,170 - assets.logingtime  - INFO - User admin logged in at 2025-06-13 10:52:22
2025-06-13 10:58:17,859 - assets.logingtime  - INFO - STARTED get_valid_credentials
2025-06-13 10:58:17,859 - assets.logingtime  - INFO - COMPLETED get_valid_credentials in 0.00s
2025-06-13 10:58:19,402 - dash.dash  - INFO - Dash is running on http://127.0.0.1:8050/

2025-06-13 10:58:21,736 - assets.logingtime  - INFO - STARTED get_valid_credentials
2025-06-13 10:58:21,744 - assets.logingtime  - INFO - COMPLETED get_valid_credentials in 0.01s
2025-06-13 10:58:27,948 - assets.logingtime  - INFO - User admin logged in at 2025-06-13 10:58:27
2025-06-13 10:58:35,728 - assets.logingtime  - INFO - User admin logged in at 2025-06-13 10:58:35
2025-06-13 10:58:37,181 - assets.logingtime  - INFO - User admin logged in at 2025-06-13 10:58:37
2025-06-13 11:01:00,906 - assets.logingtime  - INFO - STARTED get_valid_credentials
2025-06-13 11:01:00,906 - assets.logingtime  - INFO - COMPLETED get_valid_credentials in 0.00s
2025-06-13 11:01:02,252 - dash.dash  - INFO - Dash is running on http://127.0.0.1:8050/

2025-06-13 11:01:04,081 - assets.logingtime  - INFO - STARTED get_valid_credentials
2025-06-13 11:01:04,081 - assets.logingtime  - INFO - COMPLETED get_valid_credentials in 0.00s
2025-06-13 11:01:25,272 - assets.logingtime  - INFO - User admin logged in at 2025-06-13 11:01:25
2025-06-13 11:01:27,021 - assets.logingtime  - INFO - User admin logged in at 2025-06-13 11:01:27
2025-06-13 11:01:29,195 - assets.logingtime  - INFO - User admin logged in at 2025-06-13 11:01:29
2025-06-13 11:02:29,165 - assets.logingtime  - INFO - STARTED get_valid_credentials
2025-06-13 11:02:29,165 - assets.logingtime  - INFO - COMPLETED get_valid_credentials in 0.00s
2025-06-13 11:03:13,271 - assets.logingtime  - INFO - STARTED get_valid_credentials
2025-06-13 11:03:13,289 - assets.logingtime  - INFO - COMPLETED get_valid_credentials in 0.02s
2025-06-13 11:03:40,661 - assets.logingtime  - INFO - STARTED get_valid_credentials
2025-06-13 11:03:40,666 - assets.logingtime  - INFO - COMPLETED get_valid_credentials in 0.00s
2025-06-13 11:04:54,886 - assets.logingtime  - INFO - STARTED get_valid_credentials
2025-06-13 11:04:54,886 - assets.logingtime  - INFO - COMPLETED get_valid_credentials in 0.00s
2025-06-13 11:04:56,360 - dash.dash  - INFO - Dash is running on http://127.0.0.1:8050/

2025-06-13 11:04:58,657 - assets.logingtime  - INFO - STARTED get_valid_credentials
2025-06-13 11:04:58,660 - assets.logingtime  - INFO - COMPLETED get_valid_credentials in 0.00s
2025-06-13 11:05:05,360 - assets.logingtime  - INFO - User admin logged in at 2025-06-13 11:05:05
2025-06-13 11:05:07,700 - assets.logingtime  - INFO - User admin logged in at 2025-06-13 11:05:07
2025-06-13 11:05:18,805 - RSU Dashboard  - INFO - Contact added successfully: Muhammad Ali khokhar
2025-06-13 11:06:55,544 - assets.logingtime  - INFO - STARTED get_valid_credentials
2025-06-13 11:06:55,544 - assets.logingtime  - INFO - COMPLETED get_valid_credentials in 0.00s
2025-06-13 11:07:03,265 - assets.logingtime  - INFO - STARTED get_valid_credentials
2025-06-13 11:07:03,278 - assets.logingtime  - INFO - COMPLETED get_valid_credentials in 0.01s
2025-06-13 11:07:04,750 - dash.dash  - INFO - Dash is running on http://127.0.0.1:8050/

2025-06-13 11:07:06,954 - assets.logingtime  - INFO - STARTED get_valid_credentials
2025-06-13 11:07:06,970 - assets.logingtime  - INFO - COMPLETED get_valid_credentials in 0.02s
2025-06-13 11:07:53,373 - assets.logingtime  - INFO - User admin logged in at 2025-06-13 11:07:53
2025-06-13 11:08:31,701 - assets.logingtime  - INFO - User admin logged in at 2025-06-13 11:08:31
2025-06-13 11:08:32,910 - assets.logingtime  - INFO - User admin logged in at 2025-06-13 11:08:32
2025-06-13 11:08:42,545 - RSU Dashboard  - INFO - Contact added successfully: Muhammad Ali khokhar
2025-06-13 11:08:46,083 - RSU Dashboard  - INFO - Contact added successfully: Muhammad Ali khokhar
2025-06-13 11:09:31,216 - assets.logingtime  - INFO - User admin logged in at 2025-06-13 11:09:31
2025-06-13 11:09:32,562 - assets.logingtime  - INFO - User admin logged in at 2025-06-13 11:09:32
2025-06-13 11:09:42,605 - RSU Dashboard  - INFO - Contact added successfully: aamir khan khokhar
2025-06-13 11:09:45,002 - RSU Dashboard  - INFO - Contact added successfully: aamir khan khokhar
2025-06-13 11:14:22,914 - assets.logingtime  - INFO - STARTED get_valid_credentials
2025-06-13 11:14:22,914 - assets.logingtime  - INFO - COMPLETED get_valid_credentials in 0.00s
2025-06-13 11:14:33,383 - assets.logingtime  - INFO - STARTED get_valid_credentials
2025-06-13 11:14:33,383 - assets.logingtime  - INFO - COMPLETED get_valid_credentials in 0.00s
2025-06-13 11:14:47,574 - assets.logingtime  - INFO - STARTED get_valid_credentials
2025-06-13 11:14:47,577 - assets.logingtime  - INFO - COMPLETED get_valid_credentials in 0.00s
2025-06-13 11:14:49,241 - dash.dash  - INFO - Dash is running on http://127.0.0.1:8050/

2025-06-13 11:14:51,829 - assets.logingtime  - INFO - STARTED get_valid_credentials
2025-06-13 11:14:51,833 - assets.logingtime  - INFO - COMPLETED get_valid_credentials in 0.00s
2025-06-13 11:14:58,021 - assets.logingtime  - INFO - User admin logged in at 2025-06-13 11:14:58
2025-06-13 11:15:06,415 - assets.logingtime  - INFO - User admin logged in at 2025-06-13 11:15:06
2025-06-13 11:15:16,782 - RSU Dashboard  - INFO - Contact added successfully: Muhammad Ali khokhar
2025-06-13 11:15:20,575 - RSU Dashboard  - INFO - Contact added successfully: Muhammad Ali khokhar
2025-06-13 11:16:12,696 - assets.logingtime  - INFO - User admin logged in at 2025-06-13 11:16:12
2025-06-13 11:16:18,034 - assets.logingtime  - INFO - STARTED get_valid_credentials
2025-06-13 11:16:18,037 - assets.logingtime  - INFO - COMPLETED get_valid_credentials in 0.00s
2025-06-13 11:16:20,121 - assets.logingtime  - INFO - User admin logged in at 2025-06-13 11:16:20
2025-06-13 11:16:53,319 - assets.logingtime  - INFO - User admin logged in at 2025-06-13 11:16:53
2025-06-13 11:17:19,468 - assets.logingtime  - INFO - STARTED get_valid_credentials
2025-06-13 11:17:19,468 - assets.logingtime  - INFO - COMPLETED get_valid_credentials in 0.00s
2025-06-13 11:17:46,987 - assets.logingtime  - INFO - STARTED get_valid_credentials
2025-06-13 11:17:46,987 - assets.logingtime  - INFO - COMPLETED get_valid_credentials in 0.00s
2025-06-13 11:17:48,496 - dash.dash  - INFO - Dash is running on http://127.0.0.1:8050/

2025-06-13 11:17:50,664 - assets.logingtime  - INFO - STARTED get_valid_credentials
2025-06-13 11:17:50,664 - assets.logingtime  - INFO - COMPLETED get_valid_credentials in 0.00s
2025-06-13 11:17:53,364 - assets.logingtime  - INFO - User admin logged in at 2025-06-13 11:17:53
2025-06-13 11:17:53,388 - assets.logingtime  - INFO - User admin logged in at 2025-06-13 11:17:53
2025-06-13 11:26:07,988 - assets.logingtime  - INFO - STARTED get_valid_credentials
2025-06-13 11:26:07,991 - assets.logingtime  - INFO - COMPLETED get_valid_credentials in 0.00s
2025-06-13 11:26:14,930 - assets.logingtime  - INFO - STARTED get_valid_credentials
2025-06-13 11:26:14,930 - assets.logingtime  - INFO - COMPLETED get_valid_credentials in 0.00s
2025-06-13 11:27:05,756 - assets.logingtime  - INFO - STARTED get_valid_credentials
2025-06-13 11:27:05,760 - assets.logingtime  - INFO - COMPLETED get_valid_credentials in 0.00s
2025-06-13 11:27:07,650 - dash.dash  - INFO - Dash is running on http://127.0.0.1:8050/

2025-06-13 11:27:10,310 - assets.logingtime  - INFO - STARTED get_valid_credentials
2025-06-13 11:27:10,320 - assets.logingtime  - INFO - COMPLETED get_valid_credentials in 0.01s
2025-06-13 11:27:16,475 - assets.logingtime  - INFO - User admin logged in at 2025-06-13 11:27:16
2025-06-13 11:27:18,648 - assets.logingtime  - INFO - User admin logged in at 2025-06-13 11:27:18
2025-06-13 11:32:05,089 - assets.logingtime  - INFO - STARTED get_valid_credentials
2025-06-13 11:32:05,089 - assets.logingtime  - INFO - COMPLETED get_valid_credentials in 0.00s
2025-06-13 11:32:06,789 - dash.dash  - INFO - Dash is running on http://127.0.0.1:8050/

2025-06-13 11:32:09,366 - assets.logingtime  - INFO - STARTED get_valid_credentials
2025-06-13 11:32:09,369 - assets.logingtime  - INFO - COMPLETED get_valid_credentials in 0.00s
2025-06-13 11:32:15,887 - assets.logingtime  - INFO - User admin logged in at 2025-06-13 11:32:15
2025-06-13 11:32:19,642 - assets.logingtime  - INFO - User admin logged in at 2025-06-13 11:32:19
2025-06-13 11:32:22,521 - assets.logingtime  - INFO - User admin logged in at 2025-06-13 11:32:22
2025-06-13 11:32:24,441 - assets.logingtime  - INFO - User admin logged in at 2025-06-13 11:32:24
2025-06-13 11:34:31,706 - RSU Dashboard  - INFO - Contact added successfully: aamir khan5 None
2025-06-13 11:34:35,456 - RSU Dashboard  - INFO - Contact added successfully: aamir khan5 None
2025-06-13 11:34:44,223 - assets.logingtime  - INFO - User admin logged in at 2025-06-13 11:34:44
2025-06-13 11:34:45,289 - assets.logingtime  - INFO - User admin logged in at 2025-06-13 11:34:45
2025-06-13 11:38:15,465 - assets.logingtime  - INFO - STARTED get_valid_credentials
2025-06-13 11:38:15,473 - assets.logingtime  - INFO - COMPLETED get_valid_credentials in 0.01s
2025-06-13 11:38:57,696 - assets.logingtime  - INFO - STARTED get_valid_credentials
2025-06-13 11:38:57,702 - assets.logingtime  - INFO - COMPLETED get_valid_credentials in 0.01s
2025-06-13 11:39:02,021 - assets.logingtime  - INFO - User admin logged in at 2025-06-13 11:39:02
2025-06-13 11:39:19,280 - assets.logingtime  - INFO - STARTED get_valid_credentials
2025-06-13 11:39:19,286 - assets.logingtime  - INFO - COMPLETED get_valid_credentials in 0.01s
2025-06-13 11:39:40,513 - assets.logingtime  - INFO - STARTED get_valid_credentials
2025-06-13 11:39:40,521 - assets.logingtime  - INFO - COMPLETED get_valid_credentials in 0.01s
2025-06-13 11:39:49,214 - assets.logingtime  - INFO - STARTED get_valid_credentials
2025-06-13 11:39:49,217 - assets.logingtime  - INFO - COMPLETED get_valid_credentials in 0.00s
2025-06-13 11:39:55,932 - assets.logingtime  - INFO - STARTED get_valid_credentials
2025-06-13 11:39:55,932 - assets.logingtime  - INFO - COMPLETED get_valid_credentials in 0.00s
2025-06-13 11:39:57,952 - assets.logingtime  - INFO - User admin logged in at 2025-06-13 11:39:57
2025-06-13 11:40:11,090 - assets.logingtime  - INFO - STARTED get_valid_credentials
2025-06-13 11:40:11,093 - assets.logingtime  - INFO - COMPLETED get_valid_credentials in 0.00s
2025-06-13 11:41:03,155 - assets.logingtime  - INFO - STARTED get_valid_credentials
2025-06-13 11:41:03,155 - assets.logingtime  - INFO - COMPLETED get_valid_credentials in 0.00s
2025-06-13 11:41:05,234 - dash.dash  - INFO - Dash is running on http://127.0.0.1:8050/

2025-06-13 11:41:08,497 - assets.logingtime  - INFO - STARTED get_valid_credentials
2025-06-13 11:41:08,505 - assets.logingtime  - INFO - COMPLETED get_valid_credentials in 0.01s
2025-06-13 11:41:13,902 - assets.logingtime  - INFO - User admin logged in at 2025-06-13 11:41:13
2025-06-13 11:41:15,500 - assets.logingtime  - INFO - User admin logged in at 2025-06-13 11:41:15
2025-06-13 11:41:19,689 - assets.logingtime  - INFO - User admin logged in at 2025-06-13 11:41:19
2025-06-13 11:41:45,610 - assets.logingtime  - INFO - STARTED get_valid_credentials
2025-06-13 11:41:45,618 - assets.logingtime  - INFO - COMPLETED get_valid_credentials in 0.01s
2025-06-13 11:42:02,535 - assets.logingtime  - INFO - STARTED get_valid_credentials
2025-06-13 11:42:02,540 - assets.logingtime  - INFO - COMPLETED get_valid_credentials in 0.01s
2025-06-13 11:42:17,936 - assets.logingtime  - INFO - STARTED get_valid_credentials
2025-06-13 11:42:17,936 - assets.logingtime  - INFO - COMPLETED get_valid_credentials in 0.00s
2025-06-13 11:42:26,301 - assets.logingtime  - INFO - STARTED get_valid_credentials
2025-06-13 11:42:26,301 - assets.logingtime  - INFO - COMPLETED get_valid_credentials in 0.00s
2025-06-13 11:42:41,749 - assets.logingtime  - INFO - User admin logged in at 2025-06-13 11:42:41
2025-06-13 11:43:19,061 - assets.logingtime  - INFO - STARTED get_valid_credentials
2025-06-13 11:43:19,063 - assets.logingtime  - INFO - COMPLETED get_valid_credentials in 0.00s
2025-06-13 11:43:28,702 - assets.logingtime  - INFO - STARTED get_valid_credentials
2025-06-13 11:43:28,704 - assets.logingtime  - INFO - COMPLETED get_valid_credentials in 0.00s
2025-06-13 11:43:36,435 - assets.logingtime  - INFO - STARTED get_valid_credentials
2025-06-13 11:43:36,436 - assets.logingtime  - INFO - COMPLETED get_valid_credentials in 0.00s
2025-06-13 11:43:53,727 - assets.logingtime  - INFO - User admin logged in at 2025-06-13 11:43:53
2025-06-13 11:49:15,218 - assets.logingtime  - INFO - User admin logged in at 2025-06-13 11:49:15
2025-06-13 11:49:32,407 - assets.logingtime  - INFO - STARTED get_valid_credentials
2025-06-13 11:49:32,411 - assets.logingtime  - INFO - COMPLETED get_valid_credentials in 0.00s
2025-06-13 11:49:34,258 - dash.dash  - INFO - Dash is running on http://127.0.0.1:8050/

2025-06-13 11:49:36,888 - assets.logingtime  - INFO - STARTED get_valid_credentials
2025-06-13 11:49:36,891 - assets.logingtime  - INFO - COMPLETED get_valid_credentials in 0.00s
2025-06-13 11:49:42,721 - assets.logingtime  - INFO - User admin logged in at 2025-06-13 11:49:42
2025-06-13 11:50:10,360 - assets.logingtime  - INFO - User admin logged in at 2025-06-13 11:50:10
2025-06-13 11:50:12,084 - assets.logingtime  - INFO - User admin logged in at 2025-06-13 11:50:12
